
apps.bin:     file format elf64-littleriscv


Disassembly of section .plt:

0000000000010430 <printf@plt-0x20>:
   10430:	00002397          	auipc	t2,0x2
   10434:	41c30333          	sub	t1,t1,t3
   10438:	bd03be03          	ld	t3,-1072(t2) # 12000 <main+0x1b30>
   1043c:	fd430313          	addi	t1,t1,-44
   10440:	bd038293          	addi	t0,t2,-1072
   10444:	00135313          	srli	t1,t1,0x1
   10448:	0082b283          	ld	t0,8(t0)
   1044c:	000e0067          	jr	t3

0000000000010450 <printf@plt>:
   10450:	00002e17          	auipc	t3,0x2
   10454:	bc0e3e03          	ld	t3,-1088(t3) # 12010 <printf>
   10458:	000e0367          	jalr	t1,t3
   1045c:	00000013          	nop

0000000000010460 <isblank@plt>:
   10460:	00002e17          	auipc	t3,0x2
   10464:	bb8e3e03          	ld	t3,-1096(t3) # 12018 <isblank>
   10468:	000e0367          	jalr	t1,t3
   1046c:	00000013          	nop

0000000000010470 <puts@plt>:
   10470:	00002e17          	auipc	t3,0x2
   10474:	bb0e3e03          	ld	t3,-1104(t3) # 12020 <puts>
   10478:	000e0367          	jalr	t1,t3
   1047c:	00000013          	nop

0000000000010480 <isalnum@plt>:
   10480:	00002e17          	auipc	t3,0x2
   10484:	ba8e3e03          	ld	t3,-1112(t3) # 12028 <isalnum>
   10488:	000e0367          	jalr	t1,t3
   1048c:	00000013          	nop

0000000000010490 <sprintf@plt>:
   10490:	00002e17          	auipc	t3,0x2
   10494:	ba0e3e03          	ld	t3,-1120(t3) # 12030 <sprintf>
   10498:	000e0367          	jalr	t1,t3
   1049c:	00000013          	nop

00000000000104a0 <clock@plt>:
   104a0:	00002e17          	auipc	t3,0x2
   104a4:	b98e3e03          	ld	t3,-1128(t3) # 12038 <clock>
   104a8:	000e0367          	jalr	t1,t3
   104ac:	00000013          	nop

Disassembly of section .text:

00000000000104b0 <main-0x20>:
   104b0:	1141                	addi	sp,sp,-16
   104b2:	e406                	sd	ra,8(sp)
   104b4:	e022                	sd	s0,0(sp)
   104b6:	0800                	addi	s0,sp,16
   104b8:	00000517          	auipc	a0,0x0
   104bc:	19850513          	addi	a0,a0,408 # 10650 <main+0x180>
   104c0:	f91ff0ef          	jal	ra,10450 <printf@plt>
   104c4:	0001                	nop
   104c6:	853e                	mv	a0,a5
   104c8:	60a2                	ld	ra,8(sp)
   104ca:	6402                	ld	s0,0(sp)
   104cc:	0141                	addi	sp,sp,16
   104ce:	8082                	ret

00000000000104d0 <main>:
   104d0:	715d                	addi	sp,sp,-80
   104d2:	e486                	sd	ra,72(sp)
   104d4:	e0a2                	sd	s0,64(sp)
   104d6:	0880                	addi	s0,sp,80
   104d8:	fd9ff0ef          	jal	ra,104b0 <clock@plt+0x10>
   104dc:	fd5ff0ef          	jal	ra,104b0 <clock@plt+0x10>
   104e0:	00000517          	auipc	a0,0x0
   104e4:	17850513          	addi	a0,a0,376 # 10658 <main+0x188>
   104e8:	f89ff0ef          	jal	ra,10470 <puts@plt>
   104ec:	4785                	li	a5,1
   104ee:	fef42223          	sw	a5,-28(s0)
   104f2:	4789                	li	a5,2
   104f4:	fef42023          	sw	a5,-32(s0)
   104f8:	fe442783          	lw	a5,-28(s0)
   104fc:	873e                	mv	a4,a5
   104fe:	fe042783          	lw	a5,-32(s0)
   10502:	9fb9                	addw	a5,a5,a4
   10504:	fef42623          	sw	a5,-20(s0)
   10508:	fe042423          	sw	zero,-24(s0)
   1050c:	a815                	j	10540 <main+0x70>
   1050e:	f93ff0ef          	jal	ra,104a0 <clock@plt>
   10512:	fca43c23          	sd	a0,-40(s0)
   10516:	fd843583          	ld	a1,-40(s0)
   1051a:	00000517          	auipc	a0,0x0
   1051e:	15e50513          	addi	a0,a0,350 # 10678 <main+0x1a8>
   10522:	f2fff0ef          	jal	ra,10450 <printf@plt>
   10526:	fec42783          	lw	a5,-20(s0)
   1052a:	873e                	mv	a4,a5
   1052c:	fe842783          	lw	a5,-24(s0)
   10530:	9fb9                	addw	a5,a5,a4
   10532:	fef42623          	sw	a5,-20(s0)
   10536:	fe842783          	lw	a5,-24(s0)
   1053a:	2785                	addiw	a5,a5,1
   1053c:	fef42423          	sw	a5,-24(s0)
   10540:	fe842783          	lw	a5,-24(s0)
   10544:	0007871b          	sext.w	a4,a5
   10548:	4789                	li	a5,2
   1054a:	fce7d2e3          	bge	a5,a4,1050e <main+0x3e>
   1054e:	05500593          	li	a1,85
   10552:	00000517          	auipc	a0,0x0
   10556:	13e50513          	addi	a0,a0,318 # 10690 <main+0x1c0>
   1055a:	ef7ff0ef          	jal	ra,10450 <printf@plt>
   1055e:	87aa                	mv	a5,a0
   10560:	e791                	bnez	a5,1056c <main+0x9c>
   10562:	00000797          	auipc	a5,0x0
   10566:	13e78793          	addi	a5,a5,318 # 106a0 <main+0x1d0>
   1056a:	a029                	j	10574 <main+0xa4>
   1056c:	00000797          	auipc	a5,0x0
   10570:	13c78793          	addi	a5,a5,316 # 106a8 <main+0x1d8>
   10574:	85be                	mv	a1,a5
   10576:	00000517          	auipc	a0,0x0
   1057a:	13a50513          	addi	a0,a0,314 # 106b0 <main+0x1e0>
   1057e:	ed3ff0ef          	jal	ra,10450 <printf@plt>
   10582:	00000517          	auipc	a0,0x0
   10586:	14650513          	addi	a0,a0,326 # 106c8 <main+0x1f8>
   1058a:	ee7ff0ef          	jal	ra,10470 <puts@plt>
   1058e:	fbc40713          	addi	a4,s0,-68
   10592:	fc040793          	addi	a5,s0,-64
   10596:	863a                	mv	a2,a4
   10598:	00000597          	auipc	a1,0x0
   1059c:	14058593          	addi	a1,a1,320 # 106d8 <main+0x208>
   105a0:	853e                	mv	a0,a5
   105a2:	eefff0ef          	jal	ra,10490 <sprintf@plt>
   105a6:	fc040793          	addi	a5,s0,-64
   105aa:	853e                	mv	a0,a5
   105ac:	ec5ff0ef          	jal	ra,10470 <puts@plt>
   105b0:	00000517          	auipc	a0,0x0
   105b4:	13050513          	addi	a0,a0,304 # 106e0 <main+0x210>
   105b8:	eb9ff0ef          	jal	ra,10470 <puts@plt>
   105bc:	03100513          	li	a0,49
   105c0:	ec1ff0ef          	jal	ra,10480 <isalnum@plt>
   105c4:	87aa                	mv	a5,a0
   105c6:	c791                	beqz	a5,105d2 <main+0x102>
   105c8:	00000797          	auipc	a5,0x0
   105cc:	0e078793          	addi	a5,a5,224 # 106a8 <main+0x1d8>
   105d0:	a029                	j	105da <main+0x10a>
   105d2:	00000797          	auipc	a5,0x0
   105d6:	0ce78793          	addi	a5,a5,206 # 106a0 <main+0x1d0>
   105da:	85be                	mv	a1,a5
   105dc:	00000517          	auipc	a0,0x0
   105e0:	11450513          	addi	a0,a0,276 # 106f0 <main+0x220>
   105e4:	e6dff0ef          	jal	ra,10450 <printf@plt>
   105e8:	00000597          	auipc	a1,0x0
   105ec:	0c058593          	addi	a1,a1,192 # 106a8 <main+0x1d8>
   105f0:	00000517          	auipc	a0,0x0
   105f4:	11050513          	addi	a0,a0,272 # 10700 <main+0x230>
   105f8:	e59ff0ef          	jal	ra,10450 <printf@plt>
   105fc:	02000513          	li	a0,32
   10600:	e61ff0ef          	jal	ra,10460 <isblank@plt>
   10604:	87aa                	mv	a5,a0
   10606:	c791                	beqz	a5,10612 <main+0x142>
   10608:	00000797          	auipc	a5,0x0
   1060c:	0a078793          	addi	a5,a5,160 # 106a8 <main+0x1d8>
   10610:	a029                	j	1061a <main+0x14a>
   10612:	00000797          	auipc	a5,0x0
   10616:	08e78793          	addi	a5,a5,142 # 106a0 <main+0x1d0>
   1061a:	85be                	mv	a1,a5
   1061c:	00000517          	auipc	a0,0x0
   10620:	0f450513          	addi	a0,a0,244 # 10710 <main+0x240>
   10624:	e2dff0ef          	jal	ra,10450 <printf@plt>
   10628:	00000797          	auipc	a5,0x0
   1062c:	10078793          	addi	a5,a5,256 # 10728 <main+0x258>
   10630:	239c                	fld	fa5,0(a5)
   10632:	e20785d3          	fmv.x.d	a1,fa5
   10636:	00000517          	auipc	a0,0x0
   1063a:	0ea50513          	addi	a0,a0,234 # 10720 <main+0x250>
   1063e:	e13ff0ef          	jal	ra,10450 <printf@plt>
   10642:	4781                	li	a5,0
   10644:	853e                	mv	a0,a5
   10646:	60a6                	ld	ra,72(sp)
   10648:	6406                	ld	s0,64(sp)
   1064a:	6161                	addi	sp,sp,80
   1064c:	8082                	ret
