ELF Header:
  Magic:   7f 45 4c 46 02 01 01 00 00 00 00 00 00 00 00 00 
  Class:                             ELF64
  Data:                              2's complement, little endian
  Version:                           1 (current)
  OS/ABI:                            UNIX - System V
  ABI Version:                       0
  Type:                              EXEC (Executable file)
  Machine:                           RISC-V
  Version:                           0x1
  Entry point address:               0xffffffc08010355e
  Start of program headers:          64 (bytes into file)
  Start of section headers:          53624 (bytes into file)
  Flags:                             0x5, RVC, double-float ABI
  Size of this header:               64 (bytes)
  Size of program headers:           56 (bytes)
  Number of program headers:         3
  Size of section headers:           64 (bytes)
  Number of section headers:         9
  Section header string table index: 8

Section Headers:
  [Nr] Name              Type             Address           Offset
       Size              EntSize          Flags  Link  Info  Align
  [ 0]                   NULL             0000000000000000  00000000
       0000000000000000  0000000000000000           0     0     0
  [ 1] .text             PROGBITS         ffffffc080100000  00001000
       00000000000094ca  0000000000000000  AX       0     0     4096
  [ 2] .rodata           PROGBITS         ffffffc08010a000  0000b000
       0000000000001938  0000000000000000   A       0     0     4096
  [ 3] .data             PROGBITS         ffffffc08010c000  0000d000
       00000000000000f8  0000000000000000  WA       0     0     4096
  [ 4] .got              PROGBITS         ffffffc08010c0f8  0000d0f8
       0000000000000018  0000000000000008  WA       0     0     8
  [ 5] .got.plt          PROGBITS         ffffffc08010c110  0000d110
       0000000000000010  0000000000000008  WA       0     0     8
  [ 6] .bss              NOBITS           ffffffc08010d000  0000d120
       0000000000000410  0000000000000000  WA       0     0     4096
  [ 7] .comment          PROGBITS         0000000000000000  0000d120
       000000000000001b  0000000000000001  MS       0     0     1
  [ 8] .shstrtab         STRTAB           0000000000000000  0000d13b
       000000000000003b  0000000000000000           0     0     1
Key to Flags:
  W (write), A (alloc), X (execute), M (merge), S (strings), I (info),
  L (link order), O (extra OS processing required), G (group), T (TLS),
  C (compressed), x (unknown), o (OS specific), E (exclude),
  D (mbind), p (processor specific)

There are no section groups in this file.

Program Headers:
  Type           Offset             VirtAddr           PhysAddr
                 FileSiz            MemSiz              Flags  Align
  LOAD           0x0000000000001000 0xffffffc080100000 0xffffffc080100000
                 0x000000000000b938 0x000000000000b938  R E    0x1000
  LOAD           0x000000000000d000 0xffffffc08010c000 0xffffffc08010c000
                 0x0000000000000120 0x0000000000001410  RW     0x1000
  GNU_STACK      0x0000000000000000 0x0000000000000000 0x0000000000000000
                 0x0000000000000000 0x0000000000000000  RW     0x10

 Section to Segment mapping:
  Segment Sections...
   00     .text .rodata 
   01     .data .got .got.plt .bss 
   02     

There is no dynamic section in this file.

There are no relocations in this file.

The decoding of unwind sections for machine type RISC-V is not currently supported.

No version information found in this file.
